<?xml version="1.0" encoding="UTF-8"?>
<testng-results ignored="0" total="5" passed="5" failed="0" skipped="0">
  <reporter-output>
  </reporter-output>
  <suite started-at="2025-07-22T21:53:02 IST" name="OrangeHRM_Suite" finished-at="2025-07-22T21:53:33 IST" duration-ms="31014">
    <groups>
    </groups>
    <test started-at="2025-07-22T21:53:02 IST" name="Login Module" finished-at="2025-07-22T21:53:08 IST" duration-ms="5449">
      <class name="TestScenarios.TC_01_AdminLoginTestwithValidData">
        <test-method signature="SearchOperation(java.lang.String,java.lang.String)[pri:0, instance:TestScenarios.TC_01_AdminLoginTestwithValidData@510f3d34]" started-at="2025-07-22T21:53:03 IST" name="SearchOperation" finished-at="2025-07-22T21:53:08 IST" duration-ms="5403" status="PASS">
          <params>
            <param index="0">
              <value>
                <![CDATA[Admin]]>
              </value>
            </param>
            <param index="1">
              <value>
                <![CDATA[Qedge123!@#]]>
              </value>
            </param>
          </params>
          <reporter-output>
          </reporter-output>
        </test-method> <!-- SearchOperation -->
      </class> <!-- TestScenarios.TC_01_AdminLoginTestwithValidData -->
    </test> <!-- Login Module -->
    <test started-at="2025-07-22T21:53:08 IST" name="AdminLoginTestwithInvalidData" finished-at="2025-07-22T21:53:09 IST" duration-ms="936">
      <class name="TestScenarios.TC_02_AdminLoginTestwithInvalidData">
        <test-method signature="checkAdminlogin(java.lang.String,java.lang.String)[pri:1, instance:TestScenarios.TC_02_AdminLoginTestwithInvalidData@1f59a598]" started-at="2025-07-22T21:53:08 IST" name="checkAdminlogin" finished-at="2025-07-22T21:53:09 IST" duration-ms="929" status="PASS">
          <params>
            <param index="0">
              <value>
                <![CDATA[incorrectusername]]>
              </value>
            </param>
            <param index="1">
              <value>
                <![CDATA[Qqwqe]]>
              </value>
            </param>
          </params>
          <reporter-output>
          </reporter-output>
        </test-method> <!-- checkAdminlogin -->
      </class> <!-- TestScenarios.TC_02_AdminLoginTestwithInvalidData -->
    </test> <!-- AdminLoginTestwithInvalidData -->
    <test started-at="2025-07-22T21:53:09 IST" name="PIM Test" finished-at="2025-07-22T21:53:18 IST" duration-ms="9421">
      <class name="TestScenarios.TC_03_PIMTest">
        <test-method signature="verifyEmployeeSearchByName(java.lang.String,java.lang.String,java.lang.String,java.lang.String)[pri:3, instance:TestScenarios.TC_03_PIMTest@561b6512]" started-at="2025-07-22T21:53:09 IST" name="verifyEmployeeSearchByName" finished-at="2025-07-22T21:53:18 IST" duration-ms="9415" status="PASS">
          <params>
            <param index="0">
              <value>
                <![CDATA[Admin]]>
              </value>
            </param>
            <param index="1">
              <value>
                <![CDATA[Qedge123!@#]]>
              </value>
            </param>
            <param index="2">
              <value>
                <![CDATA[Test_sri3]]>
              </value>
            </param>
            <param index="3">
              <value>
                <![CDATA[B]]>
              </value>
            </param>
          </params>
          <reporter-output>
          </reporter-output>
        </test-method> <!-- verifyEmployeeSearchByName -->
      </class> <!-- TestScenarios.TC_03_PIMTest -->
    </test> <!-- PIM Test -->
    <test started-at="2025-07-22T21:53:18 IST" name="Admin Creation test" finished-at="2025-07-22T21:53:32 IST" duration-ms="13804">
      <class name="TestScenarios.TC_04_UserRegTest">
        <test-method signature="checkUserReg(java.lang.String,java.lang.String,java.lang.String,java.lang.String,java.lang.String,java.lang.String)[pri:4, instance:TestScenarios.TC_04_UserRegTest@757277dc]" started-at="2025-07-22T21:53:18 IST" name="checkUserReg" finished-at="2025-07-22T21:53:32 IST" duration-ms="13798" status="PASS">
          <params>
            <param index="0">
              <value>
                <![CDATA[Admin]]>
              </value>
            </param>
            <param index="1">
              <value>
                <![CDATA[Qedge123!@#]]>
              </value>
            </param>
            <param index="2">
              <value>
                <![CDATA[Admin]]>
              </value>
            </param>
            <param index="3">
              <value>
                <![CDATA[Test_sri3 B]]>
              </value>
            </param>
            <param index="4">
              <value>
                <![CDATA[Test_sri3]]>
              </value>
            </param>
            <param index="5">
              <value>
                <![CDATA[QedgewQ1234!@#$]]>
              </value>
            </param>
          </params>
          <reporter-output>
          </reporter-output>
        </test-method> <!-- checkUserReg -->
      </class> <!-- TestScenarios.TC_04_UserRegTest -->
    </test> <!-- Admin Creation test -->
    <test started-at="2025-07-22T21:53:32 IST" name="EmployeeLoginTestwithvalidData" finished-at="2025-07-22T21:53:33 IST" duration-ms="1271">
      <class name="TestScenarios.TC_05_EmployeeLoginTest">
        <test-method is-config="true" signature="launchApp()[pri:0, instance:TestScenarios.TC_05_EmployeeLoginTest@3af9c5b7]" started-at="2025-07-22T21:52:54 IST" name="launchApp" finished-at="2025-07-22T21:53:02 IST" duration-ms="8161" status="PASS">
          <reporter-output>
          </reporter-output>
        </test-method> <!-- launchApp -->
        <test-method signature="CheckEmployeeLogin(java.lang.String,java.lang.String)[pri:4, instance:TestScenarios.TC_05_EmployeeLoginTest@3af9c5b7]" started-at="2025-07-22T21:53:32 IST" name="CheckEmployeeLogin" finished-at="2025-07-22T21:53:33 IST" duration-ms="1264" status="PASS">
          <params>
            <param index="0">
              <value>
                <![CDATA[Test_sri3]]>
              </value>
            </param>
            <param index="1">
              <value>
                <![CDATA[QedgewQ1234!@#$]]>
              </value>
            </param>
          </params>
          <reporter-output>
          </reporter-output>
        </test-method> <!-- CheckEmployeeLogin -->
        <test-method is-config="true" signature="closeApp()[pri:0, instance:TestScenarios.TC_05_EmployeeLoginTest@3af9c5b7]" started-at="2025-07-22T21:53:33 IST" name="closeApp" finished-at="2025-07-22T21:53:34 IST" duration-ms="304" status="PASS">
          <reporter-output>
          </reporter-output>
        </test-method> <!-- closeApp -->
      </class> <!-- TestScenarios.TC_05_EmployeeLoginTest -->
    </test> <!-- EmployeeLoginTestwithvalidData -->
  </suite> <!-- OrangeHRM_Suite -->
</testng-results>
